<?xml version="1.0" encoding="UTF-8"?>
<testsuite xmlns:xsi="http://www.w3.org/2001/XMLSchema-instance" xsi:noNamespaceSchemaLocation="https://maven.apache.org/surefire/maven-surefire-plugin/xsd/surefire-test-report-3.0.xsd" version="3.0" name="com.Pareek.journalApp.service.userServiceTest" time="0.09" tests="3" errors="0" skipped="1" failures="0">
  <properties>
[...]
</properties>
  <testcase name="testFindByUsernameAndPassword(int, int, int)[1]" classname="com.Pareek.journalApp.service.userServiceTest" time="0.027">
    <system-out><![CDATA[2025-02-10T01:31:41.309+05:30  INFO 8340 --- [Journal App] [           main] t.c.s.AnnotationConfigContextLoaderUtils : Could not detect default configuration classes for test class [com.Pareek.journalApp.service.userServiceTest]: userServiceTest does not declare any static, non-private, non-final, nested classes annotated with @Configuration.
2025-02-10T01:31:41.318+05:30  INFO 8340 --- [Journal App] [           main] .b.t.c.SpringBootTestContextBootstrapper : Found @SpringBootConfiguration com.Pareek.journalApp.JournalApplication for test class com.Pareek.journalApp.service.userServiceTest
]]></system-out>
  </testcase>
  <testcase name="testFindByUsernameAndPassword(int, int, int)[2]" classname="com.Pareek.journalApp.service.userServiceTest" time="0.003"/>
  <testcase name="test" classname="com.Pareek.journalApp.service.userServiceTest" time="0.0">
    <skipped message="public void com.Pareek.journalApp.service.userServiceTest.test() is @Disabled"/>
  </testcase>
</testsuite>