<?xml version="1.0" encoding="UTF-8"?>
<testsuite xmlns:xsi="http://www.w3.org/2001/XMLSchema-instance" xsi:noNamespaceSchemaLocation="https://maven.apache.org/surefire/maven-surefire-plugin/xsd/surefire-test-report-3.0.xsd" version="3.0" name="com.Pareek.journalApp.JournalAppApplicationTests" time="5.023" tests="1" errors="0" skipped="0" failures="0">
  <properties>
[...]
</properties>
  <testcase name="contextLoads" classname="com.Pareek.journalApp.JournalAppApplicationTests" time="0.703">
    <system-out><![CDATA[01:31:36.422 [main] INFO org.springframework.test.context.support.AnnotationConfigContextLoaderUtils -- Could not detect default configuration classes for test class [com.Pareek.journalApp.JournalAppApplicationTests]: JournalAppApplicationTests does not declare any static, non-private, non-final, nested classes annotated with @Configuration.
01:31:36.522 [main] INFO org.springframework.boot.test.context.SpringBootTestContextBootstrapper -- Found @SpringBootConfiguration com.Pareek.journalApp.JournalApplication for test class com.Pareek.journalApp.JournalAppApplicationTests

  .   ____          _            __ _ _
 /\\ / ___'_ __ _ _(_)_ __  __ _ \ \ \ \
( ( )\___ | '_ | '_| | '_ \/ _` | \ \ \ \
 \\/  ___)| |_)| | | | | || (_| |  ) ) ) )
  '  |____| .__|_| |_|_| |_\__, | / / / /
 =========|_|==============|___/=/_/_/_/

 :: Spring Boot ::                (v3.3.8)

2025-02-10T01:31:36.950+05:30  INFO 8340 --- [Journal App] [           main] c.P.j.JournalAppApplicationTests         : Starting JournalAppApplicationTests using Java 23.0.1 with PID 8340 (started by ayush in C:\Users\ayush\Desktop\journalApp)
2025-02-10T01:31:36.951+05:30  INFO 8340 --- [Journal App] [           main] c.P.j.JournalAppApplicationTests         : The following 1 profile is active: "dev"
2025-02-10T01:31:36.978+05:30 DEBUG 8340 --- [Journal App] [           main] o.s.w.c.s.GenericWebApplicationContext   : Refreshing org.springframework.web.context.support.GenericWebApplicationContext@27ead29e
2025-02-10T01:31:37.674+05:30  INFO 8340 --- [Journal App] [           main] .s.d.r.c.RepositoryConfigurationDelegate : Multiple Spring Data modules found, entering strict repository configuration mode
2025-02-10T01:31:37.676+05:30  INFO 8340 --- [Journal App] [           main] .s.d.r.c.RepositoryConfigurationDelegate : Bootstrapping Spring Data MongoDB repositories in DEFAULT mode.
2025-02-10T01:31:37.788+05:30  INFO 8340 --- [Journal App] [           main] .s.d.r.c.RepositoryConfigurationDelegate : Finished Spring Data repository scanning in 109 ms. Found 2 MongoDB repository interfaces.
2025-02-10T01:31:37.804+05:30  INFO 8340 --- [Journal App] [           main] .s.d.r.c.RepositoryConfigurationDelegate : Multiple Spring Data modules found, entering strict repository configuration mode
2025-02-10T01:31:37.806+05:30  INFO 8340 --- [Journal App] [           main] .s.d.r.c.RepositoryConfigurationDelegate : Bootstrapping Spring Data Redis repositories in DEFAULT mode.
2025-02-10T01:31:37.818+05:30  INFO 8340 --- [Journal App] [           main] .RepositoryConfigurationExtensionSupport : Spring Data Redis - Could not safely identify store assignment for repository candidate interface com.Pareek.journalApp.repository.JournalEntryRepo; If you want this repository to be a Redis repository, consider annotating your entities with one of these annotations: org.springframework.data.redis.core.RedisHash (preferred), or consider extending one of the following types with your repository: org.springframework.data.keyvalue.repository.KeyValueRepository
2025-02-10T01:31:37.818+05:30  INFO 8340 --- [Journal App] [           main] .RepositoryConfigurationExtensionSupport : Spring Data Redis - Could not safely identify store assignment for repository candidate interface com.Pareek.journalApp.repository.UserRepo; If you want this repository to be a Redis repository, consider annotating your entities with one of these annotations: org.springframework.data.redis.core.RedisHash (preferred), or consider extending one of the following types with your repository: org.springframework.data.keyvalue.repository.KeyValueRepository
2025-02-10T01:31:37.819+05:30  INFO 8340 --- [Journal App] [           main] .s.d.r.c.RepositoryConfigurationDelegate : Finished Spring Data repository scanning in 6 ms. Found 0 Redis repository interfaces.
2025-02-10T01:31:38.345+05:30  INFO 8340 --- [Journal App] [           main] org.mongodb.driver.client                : MongoClient with metadata {"application": {"name": "Cluster0"}, "driver": {"name": "mongo-java-driver|sync|spring-boot", "version": "5.0.1"}, "os": {"type": "Windows", "name": "Windows 11", "architecture": "amd64", "version": "10.0"}, "platform": "Java/Oracle Corporation/23.0.1+11-39"} created with settings MongoClientSettings{readPreference=primary, writeConcern=WriteConcern{w=majority, wTimeout=null ms, journal=null}, retryWrites=true, retryReads=true, readConcern=ReadConcern{level=null}, credential=MongoCredential{mechanism=null, userName='ayushspring', source='admin', password=<hidden>, mechanismProperties=<hidden>}, transportSettings=null, commandListeners=[], codecRegistry=ProvidersCodecRegistry{codecProviders=[ValueCodecProvider{}, BsonValueCodecProvider{}, DBRefCodecProvider{}, DBObjectCodecProvider{}, DocumentCodecProvider{}, CollectionCodecProvider{}, IterableCodecProvider{}, MapCodecProvider{}, GeoJsonCodecProvider{}, GridFSFileCodecProvider{}, Jsr310CodecProvider{}, JsonObjectCodecProvider{}, BsonCodecProvider{}, EnumCodecProvider{}, com.mongodb.client.model.mql.ExpressionCodecProvider@6f15f52a, com.mongodb.Jep395RecordCodecProvider@1eb9bf60, com.mongodb.KotlinCodecProvider@341c6ac2]}, loggerSettings=LoggerSettings{maxDocumentLength=1000}, clusterSettings={hosts=[127.0.0.1:27017], srvHost=cluster0.swcgr.mongodb.net, srvServiceName=mongodb, mode=MULTIPLE, requiredClusterType=REPLICA_SET, requiredReplicaSetName='atlas-l3otjj-shard-0', serverSelector='null', clusterListeners='[]', serverSelectionTimeout='30000 ms', localThreshold='15 ms'}, socketSettings=SocketSettings{connectTimeoutMS=10000, readTimeoutMS=0, receiveBufferSize=0, proxySettings=ProxySettings{host=null, port=null, username=null, password=null}}, heartbeatSocketSettings=SocketSettings{connectTimeoutMS=10000, readTimeoutMS=10000, receiveBufferSize=0, proxySettings=ProxySettings{host=null, port=null, username=null, password=null}}, connectionPoolSettings=ConnectionPoolSettings{maxSize=100, minSize=0, maxWaitTimeMS=120000, maxConnectionLifeTimeMS=0, maxConnectionIdleTimeMS=0, maintenanceInitialDelayMS=0, maintenanceFrequencyMS=60000, connectionPoolListeners=[], maxConnecting=2}, serverSettings=ServerSettings{heartbeatFrequencyMS=10000, minHeartbeatFrequencyMS=500, serverListeners='[]', serverMonitorListeners='[]'}, sslSettings=SslSettings{enabled=true, invalidHostNameAllowed=false, context=null}, applicationName='Cluster0', compressorList=[], uuidRepresentation=JAVA_LEGACY, serverApi=null, autoEncryptionSettings=null, dnsClient=null, inetAddressResolver=null, contextProvider=null}
2025-02-10T01:31:38.362+05:30  INFO 8340 --- [Journal App] [cgr.mongodb.net] org.mongodb.driver.cluster               : Adding discovered server cluster0-shard-00-01.swcgr.mongodb.net:27017 to client view of cluster
2025-02-10T01:31:38.389+05:30  INFO 8340 --- [Journal App] [cgr.mongodb.net] org.mongodb.driver.cluster               : Adding discovered server cluster0-shard-00-02.swcgr.mongodb.net:27017 to client view of cluster
2025-02-10T01:31:38.392+05:30  INFO 8340 --- [Journal App] [cgr.mongodb.net] org.mongodb.driver.cluster               : Adding discovered server cluster0-shard-00-00.swcgr.mongodb.net:27017 to client view of cluster
2025-02-10T01:31:38.625+05:30  INFO 8340 --- [Journal App] [           main] org.mongodb.driver.cluster               : Waiting for server to become available for operation with ID 1. Remaining time: 30000 ms. Selector: WritableServerSelector, topology description: {type=REPLICA_SET, servers=[{address=cluster0-shard-00-01.swcgr.mongodb.net:27017, type=UNKNOWN, state=CONNECTING}, {address=cluster0-shard-00-00.swcgr.mongodb.net:27017, type=UNKNOWN, state=CONNECTING}, {address=cluster0-shard-00-02.swcgr.mongodb.net:27017, type=UNKNOWN, state=CONNECTING}].
2025-02-10T01:31:39.012+05:30  INFO 8340 --- [Journal App] [ngodb.net:27017] org.mongodb.driver.cluster               : Monitor thread successfully connected to server with description ServerDescription{address=cluster0-shard-00-00.swcgr.mongodb.net:27017, type=REPLICA_SET_SECONDARY, state=CONNECTED, ok=true, minWireVersion=0, maxWireVersion=25, maxDocumentSize=16777216, logicalSessionTimeoutMinutes=30, roundTripTimeNanos=283177700, setName='atlas-l3otjj-shard-0', canonicalAddress=cluster0-shard-00-00.swcgr.mongodb.net:27017, hosts=[cluster0-shard-00-01.swcgr.mongodb.net:27017, cluster0-shard-00-02.swcgr.mongodb.net:27017, cluster0-shard-00-00.swcgr.mongodb.net:27017], passives=[], arbiters=[], primary='cluster0-shard-00-01.swcgr.mongodb.net:27017', tagSet=TagSet{[Tag{name='availabilityZone', value='aps1-az1'}, Tag{name='diskState', value='READY'}, Tag{name='nodeType', value='ELECTABLE'}, Tag{name='provider', value='AWS'}, Tag{name='region', value='AP_SOUTH_1'}, Tag{name='workloadType', value='OPERATIONAL'}]}, electionId=null, setVersion=211, topologyVersion=TopologyVersion{processId=67a889b840682234a8eaf2ec, counter=5}, lastWriteDate=Mon Feb 10 01:31:45 IST 2025, lastUpdateTimeNanos=47594767484300}
2025-02-10T01:31:39.012+05:30  INFO 8340 --- [Journal App] [ngodb.net:27017] org.mongodb.driver.cluster               : Monitor thread successfully connected to server with description ServerDescription{address=cluster0-shard-00-02.swcgr.mongodb.net:27017, type=REPLICA_SET_SECONDARY, state=CONNECTED, ok=true, minWireVersion=0, maxWireVersion=25, maxDocumentSize=16777216, logicalSessionTimeoutMinutes=30, roundTripTimeNanos=319376600, setName='atlas-l3otjj-shard-0', canonicalAddress=cluster0-shard-00-02.swcgr.mongodb.net:27017, hosts=[cluster0-shard-00-01.swcgr.mongodb.net:27017, cluster0-shard-00-02.swcgr.mongodb.net:27017, cluster0-shard-00-00.swcgr.mongodb.net:27017], passives=[], arbiters=[], primary='cluster0-shard-00-01.swcgr.mongodb.net:27017', tagSet=TagSet{[Tag{name='availabilityZone', value='aps1-az2'}, Tag{name='diskState', value='READY'}, Tag{name='nodeType', value='ELECTABLE'}, Tag{name='provider', value='AWS'}, Tag{name='region', value='AP_SOUTH_1'}, Tag{name='workloadType', value='OPERATIONAL'}]}, electionId=null, setVersion=211, topologyVersion=TopologyVersion{processId=67a88b342a7ec15f1fd9eb5a, counter=5}, lastWriteDate=Mon Feb 10 01:31:45 IST 2025, lastUpdateTimeNanos=47594767484300}
2025-02-10T01:31:39.023+05:30  INFO 8340 --- [Journal App] [ngodb.net:27017] org.mongodb.driver.cluster               : Monitor thread successfully connected to server with description ServerDescription{address=cluster0-shard-00-01.swcgr.mongodb.net:27017, type=REPLICA_SET_PRIMARY, state=CONNECTED, ok=true, minWireVersion=0, maxWireVersion=25, maxDocumentSize=16777216, logicalSessionTimeoutMinutes=30, roundTripTimeNanos=331047000, setName='atlas-l3otjj-shard-0', canonicalAddress=cluster0-shard-00-01.swcgr.mongodb.net:27017, hosts=[cluster0-shard-00-01.swcgr.mongodb.net:27017, cluster0-shard-00-02.swcgr.mongodb.net:27017, cluster0-shard-00-00.swcgr.mongodb.net:27017], passives=[], arbiters=[], primary='cluster0-shard-00-01.swcgr.mongodb.net:27017', tagSet=TagSet{[Tag{name='availabilityZone', value='aps1-az3'}, Tag{name='diskState', value='READY'}, Tag{name='nodeType', value='ELECTABLE'}, Tag{name='provider', value='AWS'}, Tag{name='region', value='AP_SOUTH_1'}, Tag{name='workloadType', value='OPERATIONAL'}]}, electionId=7fffffff00000000000000a7, setVersion=211, topologyVersion=TopologyVersion{processId=67a88905f9f23f0f8ebca193, counter=9}, lastWriteDate=Mon Feb 10 01:31:45 IST 2025, lastUpdateTimeNanos=47594780424700}
2025-02-10T01:31:39.023+05:30  INFO 8340 --- [Journal App] [ngodb.net:27017] org.mongodb.driver.cluster               : Discovered replica set primary cluster0-shard-00-01.swcgr.mongodb.net:27017 with max election id 7fffffff00000000000000a7 and max set version 211
2025-02-10T01:31:39.762+05:30  WARN 8340 --- [Journal App] [           main] r$InitializeUserDetailsManagerConfigurer : Global AuthenticationManager configured with an AuthenticationProvider bean. UserDetailsService beans will not be used for username/password login. Consider removing the AuthenticationProvider bean. Alternatively, consider using the UserDetailsService in a manually instantiated DaoAuthenticationProvider.
2025-02-10T01:31:40.045+05:30 DEBUG 8340 --- [Journal App] [           main] s.w.s.m.m.a.RequestMappingHandlerMapping : 24 mappings in 'requestMappingHandlerMapping'
2025-02-10T01:31:40.157+05:30 DEBUG 8340 --- [Journal App] [           main] o.s.w.s.handler.SimpleUrlHandlerMapping  : Patterns [/webjars/**, /**, /swagger-ui*/*swagger-initializer.js, /swagger-ui*/**] in 'resourceHandlerMapping'
2025-02-10T01:31:40.191+05:30 DEBUG 8340 --- [Journal App] [           main] o.s.s.web.DefaultSecurityFilterChain     : Will secure any request with filters: DisableEncodeUrlFilter, WebAsyncManagerIntegrationFilter, SecurityContextHolderFilter, HeaderWriterFilter, LogoutFilter, JwtFilter, RequestCacheAwareFilter, SecurityContextHolderAwareRequestFilter, AnonymousAuthenticationFilter, ExceptionTranslationFilter, AuthorizationFilter
2025-02-10T01:31:40.304+05:30  INFO 8340 --- [Journal App] [           main] o.s.v.b.OptionalValidatorFactoryBean     : Failed to set up a Bean Validation provider: jakarta.validation.NoProviderFoundException: Unable to create a Configuration, because no Jakarta Bean Validation provider could be found. Add a provider like Hibernate Validator (RI) to your classpath.
2025-02-10T01:31:40.351+05:30 DEBUG 8340 --- [Journal App] [           main] s.w.s.m.m.a.RequestMappingHandlerAdapter : ControllerAdvice beans: 0 @ModelAttribute, 0 @InitBinder, 1 RequestBodyAdvice, 1 ResponseBodyAdvice
2025-02-10T01:31:40.383+05:30 DEBUG 8340 --- [Journal App] [           main] .m.m.a.ExceptionHandlerExceptionResolver : ControllerAdvice beans: 1 @ExceptionHandler, 1 ResponseBodyAdvice
2025-02-10T01:31:40.573+05:30  INFO 8340 --- [Journal App] [           main] c.P.j.JournalAppApplicationTests         : Started JournalAppApplicationTests in 3.925 seconds (process running for 4.803)
]]></system-out>
    <system-err><![CDATA[WARNING: A Java agent has been loaded dynamically (C:\Users\ayush\.m2\repository\net\bytebuddy\byte-buddy-agent\1.14.19\byte-buddy-agent-1.14.19.jar)
WARNING: If a serviceability tool is in use, please run with -XX:+EnableDynamicAgentLoading to hide this warning
WARNING: If a serviceability tool is not in use, please run with -Djdk.instrument.traceUsage for more information
WARNING: Dynamic loading of agents will be disallowed by default in a future release
]]></system-err>
  </testcase>
</testsuite>